current directory: /home/runner/tareashum/.bundle/ruby/2.5.0/gems/puma-5.6.2/ext/puma_http11
/usr/bin/ruby2.5 -r ./siteconf20220302-1825-gblemx.rb extconf.rb
/usr/lib/ruby/2.5.0/mkmf.rb:1553: warning: Insecure world writable dir /nix in PATH, mode 040777
using OpenSSL pkgconfig (openssl.pc)
checking for openssl/bio.h... yes
checking for DTLS_method() in openssl/ssl.h... yes
checking for TLS_server_method() in openssl/ssl.h... yes
checking for SSL_CTX_set_min_proto_version(NULL, 0) in openssl/ssl.h... yes
checking for X509_STORE_up_ref()... yes
checking for SSL_CTX_set_ecdh_auto(NULL, 0) in openssl/ssl.h... yes
checking for SSL_get1_peer_certificate() in openssl/ssl.h... no
checking for Random.bytes... no
creating Makefile

current directory: /home/runner/tareashum/.bundle/ruby/2.5.0/gems/puma-5.6.2/ext/puma_http11
make "DESTDIR=" clean

current directory: /home/runner/tareashum/.bundle/ruby/2.5.0/gems/puma-5.6.2/ext/puma_http11
make "DESTDIR="
compiling http11_parser.c
compiling mini_ssl.c
compiling puma_http11.c
linking shared-object puma/puma_http11.so

current directory: /home/runner/tareashum/.bundle/ruby/2.5.0/gems/puma-5.6.2/ext/puma_http11
make "DESTDIR=" install
/usr/bin/install -c -m 0755 puma_http11.so ./.gem.20220302-1825-11bgf9d/puma
